Copyright 1986-2022 Xilinx, Inc. All Rights Reserved. Copyright 2022-2024 Advanced Micro Devices, Inc. All Rights Reserved.
---------------------------------------------------------------------------------------------------------------------------------------------------------------------------------------------------------------------
| Tool Version : Vivado v.2024.2 (win64) Build 5239630 Fri Nov 08 22:35:27 MST 2024
| Date         : Fri Mar 27 15:20:56 2026
| Host         : DESKTOP-8PBERSO running 64-bit major release  (build 9200)
| Command      : report_timing_summary -max_paths 10 -report_unconstrained -file uart_top_timing_summary_routed.rpt -pb uart_top_timing_summary_routed.pb -rpx uart_top_timing_summary_routed.rpx -warn_on_violation
| Design       : uart_top
| Device       : 7s50-csga324
| Speed File   : -1  PRODUCTION 1.23 2018-06-13
| Design State : Routed
---------------------------------------------------------------------------------------------------------------------------------------------------------------------------------------------------------------------

Timing Summary Report

------------------------------------------------------------------------------------------------
| Timer Settings
| --------------
------------------------------------------------------------------------------------------------

  Enable Multi Corner Analysis               :  Yes
  Enable Pessimism Removal                   :  Yes
  Pessimism Removal Resolution               :  Nearest Common Node
  Enable Input Delay Default Clock           :  No
  Enable Preset / Clear Arcs                 :  No
  Disable Flight Delays                      :  No
  Ignore I/O Paths                           :  No
  Timing Early Launch at Borrowing Latches   :  No
  Borrow Time for Max Delay Exceptions       :  Yes
  Merge Timing Exceptions                    :  Yes
  Inter-SLR Compensation                     :  Conservative

  Corner  Analyze    Analyze    
  Name    Max Paths  Min Paths  
  ------  ---------  ---------  
  Slow    Yes        Yes        
  Fast    Yes        Yes        


------------------------------------------------------------------------------------------------
| Report Methodology
| ------------------
------------------------------------------------------------------------------------------------

Rule       Severity          Description                  Violations  
---------  ----------------  ---------------------------  ----------  
TIMING-17  Critical Warning  Non-clocked sequential cell  31          

Note: This report is based on the most recent report_methodology run and may not be up-to-date. Run report_methodology on the current design for the latest report.



check_timing report

Table of Contents
-----------------
1. checking no_clock (31)
2. checking constant_clock (0)
3. checking pulse_width_clock (0)
4. checking unconstrained_internal_endpoints (72)
5. checking no_input_delay (11)
6. checking no_output_delay (2)
7. checking multiple_clock (0)
8. checking generated_clocks (0)
9. checking loops (0)
10. checking partial_input_delay (0)
11. checking partial_output_delay (0)
12. checking latch_loops (0)

1. checking no_clock (31)
-------------------------
 There are 31 register/latch pins with no clock driven by root clock pin: clk (HIGH)


2. checking constant_clock (0)
------------------------------
 There are 0 register/latch pins with constant_clock.


3. checking pulse_width_clock (0)
---------------------------------
 There are 0 register/latch pins which need pulse_width check


4. checking unconstrained_internal_endpoints (72)
-------------------------------------------------
 There are 72 pins that are not constrained for maximum delay. (HIGH)

 There are 0 pins that are not constrained for maximum delay due to constant clock.


5. checking no_input_delay (11)
-------------------------------
 There are 11 input ports with no input delay specified. (HIGH)

 There are 0 input ports with no input delay but user has a false path constraint.


6. checking no_output_delay (2)
-------------------------------
 There are 2 ports with no output delay specified. (HIGH)

 There are 0 ports with no output delay but user has a false path constraint

 There are 0 ports with no output delay but with a timing clock defined on it or propagating through it


7. checking multiple_clock (0)
------------------------------
 There are 0 register/latch pins with multiple clocks.


8. checking generated_clocks (0)
--------------------------------
 There are 0 generated clocks that are not connected to a clock source.


9. checking loops (0)
---------------------
 There are 0 combinational loops in the design.


10. checking partial_input_delay (0)
------------------------------------
 There are 0 input ports with partial input delay specified.


11. checking partial_output_delay (0)
-------------------------------------
 There are 0 ports with partial output delay specified.


12. checking latch_loops (0)
----------------------------
 There are 0 combinational latch loops in the design through latch input



------------------------------------------------------------------------------------------------
| Design Timing Summary
| ---------------------
------------------------------------------------------------------------------------------------

    WNS(ns)      TNS(ns)  TNS Failing Endpoints  TNS Total Endpoints      WHS(ns)      THS(ns)  THS Failing Endpoints  THS Total Endpoints     WPWS(ns)     TPWS(ns)  TPWS Failing Endpoints  TPWS Total Endpoints  
    -------      -------  ---------------------  -------------------      -------      -------  ---------------------  -------------------     --------     --------  ----------------------  --------------------  
        inf        0.000                      0                   74          inf        0.000                      0                   74           NA           NA                      NA                    NA  


There are no user specified timing constraints.


------------------------------------------------------------------------------------------------
| Clock Summary
| -------------
------------------------------------------------------------------------------------------------


------------------------------------------------------------------------------------------------
| Intra Clock Table
| -----------------
------------------------------------------------------------------------------------------------

Clock             WNS(ns)      TNS(ns)  TNS Failing Endpoints  TNS Total Endpoints      WHS(ns)      THS(ns)  THS Failing Endpoints  THS Total Endpoints     WPWS(ns)     TPWS(ns)  TPWS Failing Endpoints  TPWS Total Endpoints  
-----             -------      -------  ---------------------  -------------------      -------      -------  ---------------------  -------------------     --------     --------  ----------------------  --------------------  


------------------------------------------------------------------------------------------------
| Inter Clock Table
| -----------------
------------------------------------------------------------------------------------------------

From Clock    To Clock          WNS(ns)      TNS(ns)  TNS Failing Endpoints  TNS Total Endpoints      WHS(ns)      THS(ns)  THS Failing Endpoints  THS Total Endpoints  
----------    --------          -------      -------  ---------------------  -------------------      -------      -------  ---------------------  -------------------  


------------------------------------------------------------------------------------------------
| Other Path Groups Table
| -----------------------
------------------------------------------------------------------------------------------------

Path Group    From Clock    To Clock          WNS(ns)      TNS(ns)  TNS Failing Endpoints  TNS Total Endpoints      WHS(ns)      THS(ns)  THS Failing Endpoints  THS Total Endpoints  
----------    ----------    --------          -------      -------  ---------------------  -------------------      -------      -------  ---------------------  -------------------  


------------------------------------------------------------------------------------------------
| User Ignored Path Table
| -----------------------
------------------------------------------------------------------------------------------------

Path Group    From Clock    To Clock    
----------    ----------    --------    


------------------------------------------------------------------------------------------------
| Unconstrained Path Table
| ------------------------
------------------------------------------------------------------------------------------------

Path Group    From Clock    To Clock    
----------    ----------    --------    
(none)                                    


------------------------------------------------------------------------------------------------
| Timing Details
| --------------
------------------------------------------------------------------------------------------------


--------------------------------------------------------------------------------------
Path Group:  (none)
From Clock:  
  To Clock:  

Max Delay            74 Endpoints
Min Delay            74 Endpoints
--------------------------------------------------------------------------------------


Max Delay Paths
--------------------------------------------------------------------------------------
Slack:                    inf
  Source:                 uart_transmitter/o_tx_busy_reg/C
                            (rising edge-triggered cell FDCE)
  Destination:            tx_busy
                            (output port)
  Path Group:             (none)
  Path Type:              Max at Slow Process Corner
  Data Path Delay:        4.917ns  (logic 3.050ns (62.038%)  route 1.867ns (37.962%))
  Logic Levels:           2  (FDCE=1 OBUF=1)

    Location             Delay type                Incr(ns)  Path(ns)    Netlist Resource(s)
  -------------------------------------------------------------------    -------------------
    SLICE_X0Y7           FDCE                         0.000     0.000 r  uart_transmitter/o_tx_busy_reg/C
    SLICE_X0Y7           FDCE (Prop_fdce_C_Q)         0.456     0.456 r  uart_transmitter/o_tx_busy_reg/Q
                         net (fo=1, routed)           1.867     2.323    tx_busy_OBUF
    P13                  OBUF (Prop_obuf_I_O)         2.594     4.917 r  tx_busy_OBUF_inst/O
                         net (fo=0)                   0.000     4.917    tx_busy
    P13                                                               r  tx_busy (OUT)
  -------------------------------------------------------------------    -------------------

Slack:                    inf
  Source:                 uart_transmitter/o_tx_reg/C
                            (rising edge-triggered cell FDPE)
  Destination:            tx
                            (output port)
  Path Group:             (none)
  Path Type:              Max at Slow Process Corner
  Data Path Delay:        4.913ns  (logic 3.046ns (62.006%)  route 1.867ns (37.994%))
  Logic Levels:           2  (FDPE=1 OBUF=1)

    Location             Delay type                Incr(ns)  Path(ns)    Netlist Resource(s)
  -------------------------------------------------------------------    -------------------
    SLICE_X0Y6           FDPE                         0.000     0.000 r  uart_transmitter/o_tx_reg/C
    SLICE_X0Y6           FDPE (Prop_fdpe_C_Q)         0.456     0.456 r  uart_transmitter/o_tx_reg/Q
                         net (fo=1, routed)           1.867     2.323    tx_OBUF
    R13                  OBUF (Prop_obuf_I_O)         2.590     4.913 r  tx_OBUF_inst/O
                         net (fo=0)                   0.000     4.913    tx
    R13                                                               r  tx (OUT)
  -------------------------------------------------------------------    -------------------

Slack:                    inf
  Source:                 tx_parity
                            (input port)
  Destination:            uart_transmitter/o_tx_reg/D
  Path Group:             (none)
  Path Type:              Max at Slow Process Corner
  Data Path Delay:        4.399ns  (logic 1.309ns (29.743%)  route 3.091ns (70.257%))
  Logic Levels:           4  (IBUF=1 LUT3=1 LUT5=1 LUT6=1)

    Location             Delay type                Incr(ns)  Path(ns)    Netlist Resource(s)
  -------------------------------------------------------------------    -------------------
    V14                                               0.000     0.000 r  tx_parity (IN)
                         net (fo=0)                   0.000     0.000    tx_parity
    V14                  IBUF (Prop_ibuf_I_O)         0.937     0.937 r  tx_parity_IBUF_inst/O
                         net (fo=1, routed)           1.421     2.358    uart_transmitter/tx_parity_IBUF
    SLICE_X0Y5           LUT5 (Prop_lut5_I1_O)        0.124     2.482 r  uart_transmitter/o_tx_i_4/O
                         net (fo=1, routed)           0.872     3.353    uart_transmitter/o_tx_i_4_n_0
    SLICE_X1Y5           LUT6 (Prop_lut6_I1_O)        0.124     3.477 r  uart_transmitter/o_tx_i_2/O
                         net (fo=1, routed)           0.798     4.275    uart_transmitter/o_tx_i_2_n_0
    SLICE_X0Y6           LUT3 (Prop_lut3_I0_O)        0.124     4.399 r  uart_transmitter/o_tx_i_1/O
                         net (fo=1, routed)           0.000     4.399    uart_transmitter/o_tx_i_1_n_0
    SLICE_X0Y6           FDPE                                         r  uart_transmitter/o_tx_reg/D
  -------------------------------------------------------------------    -------------------

Slack:                    inf
  Source:                 tx_enable
                            (input port)
  Destination:            uart_transmitter/parity_bit_reg/D
  Path Group:             (none)
  Path Type:              Max at Slow Process Corner
  Data Path Delay:        3.718ns  (logic 1.184ns (31.855%)  route 2.534ns (68.145%))
  Logic Levels:           3  (IBUF=1 LUT4=1 LUT5=1)

    Location             Delay type                Incr(ns)  Path(ns)    Netlist Resource(s)
  -------------------------------------------------------------------    -------------------
    V15                                               0.000     0.000 r  tx_enable (IN)
                         net (fo=0)                   0.000     0.000    tx_enable
    V15                  IBUF (Prop_ibuf_I_O)         0.936     0.936 r  tx_enable_IBUF_inst/O
                         net (fo=3, routed)           1.368     2.305    uart_transmitter/tx_enable_IBUF
    SLICE_X1Y6           LUT5 (Prop_lut5_I0_O)        0.124     2.429 r  uart_transmitter/shift_reg[7]_i_1/O
                         net (fo=9, routed)           1.165     3.594    uart_transmitter/shift_reg[7]_i_1_n_0
    SLICE_X0Y4           LUT4 (Prop_lut4_I2_O)        0.124     3.718 r  uart_transmitter/parity_bit_i_1/O
                         net (fo=1, routed)           0.000     3.718    uart_transmitter/parity_bit_i_1_n_0
    SLICE_X0Y4           FDCE                                         r  uart_transmitter/parity_bit_reg/D
  -------------------------------------------------------------------    -------------------

Slack:                    inf
  Source:                 baud_gen/counter_reg[2]/C
                            (rising edge-triggered cell FDCE)
  Destination:            baud_gen/counter_reg[12]/D
  Path Group:             (none)
  Path Type:              Max at Slow Process Corner
  Data Path Delay:        3.262ns  (logic 1.863ns (57.120%)  route 1.399ns (42.880%))
  Logic Levels:           5  (CARRY4=3 FDCE=1 LUT6=1)

    Location             Delay type                Incr(ns)  Path(ns)    Netlist Resource(s)
  -------------------------------------------------------------------    -------------------
    SLICE_X5Y5           FDCE                         0.000     0.000 r  baud_gen/counter_reg[2]/C
    SLICE_X5Y5           FDCE (Prop_fdce_C_Q)         0.456     0.456 r  baud_gen/counter_reg[2]/Q
                         net (fo=2, routed)           0.738     1.194    baud_gen/counter[2]
    SLICE_X4Y5           CARRY4 (Prop_carry4_S[1]_CO[3])
                                                      0.674     1.868 r  baud_gen/counter0_carry/CO[3]
                         net (fo=1, routed)           0.000     1.868    baud_gen/counter0_carry_n_0
    SLICE_X4Y6           CARRY4 (Prop_carry4_CI_CO[3])
                                                      0.114     1.982 r  baud_gen/counter0_carry__0/CO[3]
                         net (fo=1, routed)           0.000     1.982    baud_gen/counter0_carry__0_n_0
    SLICE_X4Y7           CARRY4 (Prop_carry4_CI_O[3])
                                                      0.313     2.295 r  baud_gen/counter0_carry__1/O[3]
                         net (fo=1, routed)           0.661     2.956    baud_gen/data0[12]
    SLICE_X5Y7           LUT6 (Prop_lut6_I5_O)        0.306     3.262 r  baud_gen/counter[12]_i_1/O
                         net (fo=1, routed)           0.000     3.262    baud_gen/counter_0[12]
    SLICE_X5Y7           FDCE                                         r  baud_gen/counter_reg[12]/D
  -------------------------------------------------------------------    -------------------

Slack:                    inf
  Source:                 baud_gen/counter_reg[2]/C
                            (rising edge-triggered cell FDCE)
  Destination:            baud_gen/counter_reg[9]/D
  Path Group:             (none)
  Path Type:              Max at Slow Process Corner
  Data Path Delay:        3.162ns  (logic 1.765ns (55.816%)  route 1.397ns (44.184%))
  Logic Levels:           5  (CARRY4=3 FDCE=1 LUT6=1)

    Location             Delay type                Incr(ns)  Path(ns)    Netlist Resource(s)
  -------------------------------------------------------------------    -------------------
    SLICE_X5Y5           FDCE                         0.000     0.000 r  baud_gen/counter_reg[2]/C
    SLICE_X5Y5           FDCE (Prop_fdce_C_Q)         0.456     0.456 r  baud_gen/counter_reg[2]/Q
                         net (fo=2, routed)           0.738     1.194    baud_gen/counter[2]
    SLICE_X4Y5           CARRY4 (Prop_carry4_S[1]_CO[3])
                                                      0.674     1.868 r  baud_gen/counter0_carry/CO[3]
                         net (fo=1, routed)           0.000     1.868    baud_gen/counter0_carry_n_0
    SLICE_X4Y6           CARRY4 (Prop_carry4_CI_CO[3])
                                                      0.114     1.982 r  baud_gen/counter0_carry__0/CO[3]
                         net (fo=1, routed)           0.000     1.982    baud_gen/counter0_carry__0_n_0
    SLICE_X4Y7           CARRY4 (Prop_carry4_CI_O[0])
                                                      0.222     2.204 r  baud_gen/counter0_carry__1/O[0]
                         net (fo=1, routed)           0.659     2.863    baud_gen/data0[9]
    SLICE_X5Y7           LUT6 (Prop_lut6_I5_O)        0.299     3.162 r  baud_gen/counter[9]_i_1/O
                         net (fo=1, routed)           0.000     3.162    baud_gen/counter_0[9]
    SLICE_X5Y7           FDCE                                         r  baud_gen/counter_reg[9]/D
  -------------------------------------------------------------------    -------------------

Slack:                    inf
  Source:                 baud_gen/counter_reg[2]/C
                            (rising edge-triggered cell FDCE)
  Destination:            baud_gen/counter_reg[8]/D
  Path Group:             (none)
  Path Type:              Max at Slow Process Corner
  Data Path Delay:        3.133ns  (logic 1.749ns (55.827%)  route 1.384ns (44.173%))
  Logic Levels:           4  (CARRY4=2 FDCE=1 LUT6=1)

    Location             Delay type                Incr(ns)  Path(ns)    Netlist Resource(s)
  -------------------------------------------------------------------    -------------------
    SLICE_X5Y5           FDCE                         0.000     0.000 r  baud_gen/counter_reg[2]/C
    SLICE_X5Y5           FDCE (Prop_fdce_C_Q)         0.456     0.456 r  baud_gen/counter_reg[2]/Q
                         net (fo=2, routed)           0.738     1.194    baud_gen/counter[2]
    SLICE_X4Y5           CARRY4 (Prop_carry4_S[1]_CO[3])
                                                      0.674     1.868 r  baud_gen/counter0_carry/CO[3]
                         net (fo=1, routed)           0.000     1.868    baud_gen/counter0_carry_n_0
    SLICE_X4Y6           CARRY4 (Prop_carry4_CI_O[3])
                                                      0.313     2.181 r  baud_gen/counter0_carry__0/O[3]
                         net (fo=1, routed)           0.646     2.827    baud_gen/data0[8]
    SLICE_X5Y6           LUT6 (Prop_lut6_I5_O)        0.306     3.133 r  baud_gen/counter[8]_i_1/O
                         net (fo=1, routed)           0.000     3.133    baud_gen/counter_0[8]
    SLICE_X5Y6           FDCE                                         r  baud_gen/counter_reg[8]/D
  -------------------------------------------------------------------    -------------------

Slack:                    inf
  Source:                 tx_enable
                            (input port)
  Destination:            uart_transmitter/shift_reg_reg[0]/CE
  Path Group:             (none)
  Path Type:              Max at Slow Process Corner
  Data Path Delay:        3.128ns  (logic 1.060ns (33.900%)  route 2.068ns (66.100%))
  Logic Levels:           2  (IBUF=1 LUT5=1)

    Location             Delay type                Incr(ns)  Path(ns)    Netlist Resource(s)
  -------------------------------------------------------------------    -------------------
    V15                                               0.000     0.000 r  tx_enable (IN)
                         net (fo=0)                   0.000     0.000    tx_enable
    V15                  IBUF (Prop_ibuf_I_O)         0.936     0.936 r  tx_enable_IBUF_inst/O
                         net (fo=3, routed)           1.368     2.305    uart_transmitter/tx_enable_IBUF
    SLICE_X1Y6           LUT5 (Prop_lut5_I0_O)        0.124     2.429 r  uart_transmitter/shift_reg[7]_i_1/O
                         net (fo=9, routed)           0.699     3.128    uart_transmitter/shift_reg[7]_i_1_n_0
    SLICE_X1Y4           FDCE                                         r  uart_transmitter/shift_reg_reg[0]/CE
  -------------------------------------------------------------------    -------------------

Slack:                    inf
  Source:                 tx_enable
                            (input port)
  Destination:            uart_transmitter/shift_reg_reg[1]/CE
  Path Group:             (none)
  Path Type:              Max at Slow Process Corner
  Data Path Delay:        3.128ns  (logic 1.060ns (33.900%)  route 2.068ns (66.100%))
  Logic Levels:           2  (IBUF=1 LUT5=1)

    Location             Delay type                Incr(ns)  Path(ns)    Netlist Resource(s)
  -------------------------------------------------------------------    -------------------
    V15                                               0.000     0.000 r  tx_enable (IN)
                         net (fo=0)                   0.000     0.000    tx_enable
    V15                  IBUF (Prop_ibuf_I_O)         0.936     0.936 r  tx_enable_IBUF_inst/O
                         net (fo=3, routed)           1.368     2.305    uart_transmitter/tx_enable_IBUF
    SLICE_X1Y6           LUT5 (Prop_lut5_I0_O)        0.124     2.429 r  uart_transmitter/shift_reg[7]_i_1/O
                         net (fo=9, routed)           0.699     3.128    uart_transmitter/shift_reg[7]_i_1_n_0
    SLICE_X1Y4           FDCE                                         r  uart_transmitter/shift_reg_reg[1]/CE
  -------------------------------------------------------------------    -------------------

Slack:                    inf
  Source:                 tx_enable
                            (input port)
  Destination:            uart_transmitter/shift_reg_reg[2]/CE
  Path Group:             (none)
  Path Type:              Max at Slow Process Corner
  Data Path Delay:        3.128ns  (logic 1.060ns (33.900%)  route 2.068ns (66.100%))
  Logic Levels:           2  (IBUF=1 LUT5=1)

    Location             Delay type                Incr(ns)  Path(ns)    Netlist Resource(s)
  -------------------------------------------------------------------    -------------------
    V15                                               0.000     0.000 r  tx_enable (IN)
                         net (fo=0)                   0.000     0.000    tx_enable
    V15                  IBUF (Prop_ibuf_I_O)         0.936     0.936 r  tx_enable_IBUF_inst/O
                         net (fo=3, routed)           1.368     2.305    uart_transmitter/tx_enable_IBUF
    SLICE_X1Y6           LUT5 (Prop_lut5_I0_O)        0.124     2.429 r  uart_transmitter/shift_reg[7]_i_1/O
                         net (fo=9, routed)           0.699     3.128    uart_transmitter/shift_reg[7]_i_1_n_0
    SLICE_X1Y4           FDCE                                         r  uart_transmitter/shift_reg_reg[2]/CE
  -------------------------------------------------------------------    -------------------





Min Delay Paths
--------------------------------------------------------------------------------------
Slack:                    inf
  Source:                 uart_transmitter/bit_count_reg[0]/C
                            (rising edge-triggered cell FDCE)
  Destination:            uart_transmitter/bit_count_reg[1]/D
  Path Group:             (none)
  Path Type:              Min at Fast Process Corner
  Data Path Delay:        0.317ns  (logic 0.227ns (71.532%)  route 0.090ns (28.468%))
  Logic Levels:           2  (FDCE=1 LUT6=1)

    Location             Delay type                Incr(ns)  Path(ns)    Netlist Resource(s)
  -------------------------------------------------------------------    -------------------
    SLICE_X0Y5           FDCE                         0.000     0.000 r  uart_transmitter/bit_count_reg[0]/C
    SLICE_X0Y5           FDCE (Prop_fdce_C_Q)         0.128     0.128 r  uart_transmitter/bit_count_reg[0]/Q
                         net (fo=5, routed)           0.090     0.218    uart_transmitter/bit_count_reg_n_0_[0]
    SLICE_X0Y5           LUT6 (Prop_lut6_I0_O)        0.099     0.317 r  uart_transmitter/bit_count[1]_i_1/O
                         net (fo=1, routed)           0.000     0.317    uart_transmitter/bit_count[1]_i_1_n_0
    SLICE_X0Y5           FDCE                                         r  uart_transmitter/bit_count_reg[1]/D
  -------------------------------------------------------------------    -------------------

Slack:                    inf
  Source:                 uart_transmitter/FSM_sequential_state_reg[0]/C
                            (rising edge-triggered cell FDCE)
  Destination:            uart_transmitter/o_tx_reg/D
  Path Group:             (none)
  Path Type:              Min at Fast Process Corner
  Data Path Delay:        0.318ns  (logic 0.186ns (58.473%)  route 0.132ns (41.527%))
  Logic Levels:           2  (FDCE=1 LUT3=1)

    Location             Delay type                Incr(ns)  Path(ns)    Netlist Resource(s)
  -------------------------------------------------------------------    -------------------
    SLICE_X1Y6           FDCE                         0.000     0.000 r  uart_transmitter/FSM_sequential_state_reg[0]/C
    SLICE_X1Y6           FDCE (Prop_fdce_C_Q)         0.141     0.141 f  uart_transmitter/FSM_sequential_state_reg[0]/Q
                         net (fo=11, routed)          0.132     0.273    uart_transmitter/state__0[0]
    SLICE_X0Y6           LUT3 (Prop_lut3_I2_O)        0.045     0.318 r  uart_transmitter/o_tx_i_1/O
                         net (fo=1, routed)           0.000     0.318    uart_transmitter/o_tx_i_1_n_0
    SLICE_X0Y6           FDPE                                         r  uart_transmitter/o_tx_reg/D
  -------------------------------------------------------------------    -------------------

Slack:                    inf
  Source:                 baud_gen/counter_reg[0]/C
                            (rising edge-triggered cell FDCE)
  Destination:            baud_gen/counter_reg[3]/D
  Path Group:             (none)
  Path Type:              Min at Fast Process Corner
  Data Path Delay:        0.326ns  (logic 0.227ns (69.622%)  route 0.099ns (30.378%))
  Logic Levels:           2  (FDCE=1 LUT6=1)

    Location             Delay type                Incr(ns)  Path(ns)    Netlist Resource(s)
  -------------------------------------------------------------------    -------------------
    SLICE_X3Y5           FDCE                         0.000     0.000 r  baud_gen/counter_reg[0]/C
    SLICE_X3Y5           FDCE (Prop_fdce_C_Q)         0.128     0.128 f  baud_gen/counter_reg[0]/Q
                         net (fo=15, routed)          0.099     0.227    baud_gen/counter[0]
    SLICE_X3Y5           LUT6 (Prop_lut6_I4_O)        0.099     0.326 r  baud_gen/counter[3]_i_1/O
                         net (fo=1, routed)           0.000     0.326    baud_gen/counter_0[3]
    SLICE_X3Y5           FDCE                                         r  baud_gen/counter_reg[3]/D
  -------------------------------------------------------------------    -------------------

Slack:                    inf
  Source:                 baud_gen/counter_reg[3]/C
                            (rising edge-triggered cell FDCE)
  Destination:            baud_gen/counter_reg[1]/D
  Path Group:             (none)
  Path Type:              Min at Fast Process Corner
  Data Path Delay:        0.364ns  (logic 0.186ns (51.084%)  route 0.178ns (48.916%))
  Logic Levels:           2  (FDCE=1 LUT6=1)

    Location             Delay type                Incr(ns)  Path(ns)    Netlist Resource(s)
  -------------------------------------------------------------------    -------------------
    SLICE_X3Y5           FDCE                         0.000     0.000 r  baud_gen/counter_reg[3]/C
    SLICE_X3Y5           FDCE (Prop_fdce_C_Q)         0.141     0.141 r  baud_gen/counter_reg[3]/Q
                         net (fo=14, routed)          0.178     0.319    baud_gen/counter[3]
    SLICE_X5Y5           LUT6 (Prop_lut6_I2_O)        0.045     0.364 r  baud_gen/counter[1]_i_1/O
                         net (fo=1, routed)           0.000     0.364    baud_gen/counter_0[1]
    SLICE_X5Y5           FDCE                                         r  baud_gen/counter_reg[1]/D
  -------------------------------------------------------------------    -------------------

Slack:                    inf
  Source:                 uart_transmitter/parity_bit_reg/C
                            (rising edge-triggered cell FDCE)
  Destination:            uart_transmitter/parity_bit_reg/D
  Path Group:             (none)
  Path Type:              Min at Fast Process Corner
  Data Path Delay:        0.371ns  (logic 0.186ns (50.171%)  route 0.185ns (49.829%))
  Logic Levels:           2  (FDCE=1 LUT4=1)

    Location             Delay type                Incr(ns)  Path(ns)    Netlist Resource(s)
  -------------------------------------------------------------------    -------------------
    SLICE_X0Y4           FDCE                         0.000     0.000 r  uart_transmitter/parity_bit_reg/C
    SLICE_X0Y4           FDCE (Prop_fdce_C_Q)         0.141     0.141 r  uart_transmitter/parity_bit_reg/Q
                         net (fo=2, routed)           0.185     0.326    uart_transmitter/parity_bit_reg_n_0
    SLICE_X0Y4           LUT4 (Prop_lut4_I3_O)        0.045     0.371 r  uart_transmitter/parity_bit_i_1/O
                         net (fo=1, routed)           0.000     0.371    uart_transmitter/parity_bit_i_1_n_0
    SLICE_X0Y4           FDCE                                         r  uart_transmitter/parity_bit_reg/D
  -------------------------------------------------------------------    -------------------

Slack:                    inf
  Source:                 baud_gen/counter_reg[6]/C
                            (rising edge-triggered cell FDCE)
  Destination:            baud_gen/counter_reg[7]/D
  Path Group:             (none)
  Path Type:              Min at Fast Process Corner
  Data Path Delay:        0.382ns  (logic 0.186ns (48.628%)  route 0.196ns (51.372%))
  Logic Levels:           2  (FDCE=1 LUT6=1)

    Location             Delay type                Incr(ns)  Path(ns)    Netlist Resource(s)
  -------------------------------------------------------------------    -------------------
    SLICE_X3Y5           FDCE                         0.000     0.000 r  baud_gen/counter_reg[6]/C
    SLICE_X3Y5           FDCE (Prop_fdce_C_Q)         0.141     0.141 f  baud_gen/counter_reg[6]/Q
                         net (fo=14, routed)          0.196     0.337    baud_gen/counter[6]
    SLICE_X5Y6           LUT6 (Prop_lut6_I3_O)        0.045     0.382 r  baud_gen/counter[7]_i_1/O
                         net (fo=1, routed)           0.000     0.382    baud_gen/counter_0[7]
    SLICE_X5Y6           FDCE                                         r  baud_gen/counter_reg[7]/D
  -------------------------------------------------------------------    -------------------

Slack:                    inf
  Source:                 baud_gen/counter_reg[6]/C
                            (rising edge-triggered cell FDCE)
  Destination:            baud_gen/counter_reg[5]/D
  Path Group:             (none)
  Path Type:              Min at Fast Process Corner
  Data Path Delay:        0.383ns  (logic 0.186ns (48.501%)  route 0.197ns (51.499%))
  Logic Levels:           2  (FDCE=1 LUT6=1)

    Location             Delay type                Incr(ns)  Path(ns)    Netlist Resource(s)
  -------------------------------------------------------------------    -------------------
    SLICE_X3Y5           FDCE                         0.000     0.000 r  baud_gen/counter_reg[6]/C
    SLICE_X3Y5           FDCE (Prop_fdce_C_Q)         0.141     0.141 f  baud_gen/counter_reg[6]/Q
                         net (fo=14, routed)          0.197     0.338    baud_gen/counter[6]
    SLICE_X5Y6           LUT6 (Prop_lut6_I3_O)        0.045     0.383 r  baud_gen/counter[5]_i_1/O
                         net (fo=1, routed)           0.000     0.383    baud_gen/counter_0[5]
    SLICE_X5Y6           FDCE                                         r  baud_gen/counter_reg[5]/D
  -------------------------------------------------------------------    -------------------

Slack:                    inf
  Source:                 uart_transmitter/bit_count_reg[1]/C
                            (rising edge-triggered cell FDCE)
  Destination:            uart_transmitter/bit_count_reg[2]/D
  Path Group:             (none)
  Path Type:              Min at Fast Process Corner
  Data Path Delay:        0.392ns  (logic 0.186ns (47.437%)  route 0.206ns (52.563%))
  Logic Levels:           2  (FDCE=1 LUT6=1)

    Location             Delay type                Incr(ns)  Path(ns)    Netlist Resource(s)
  -------------------------------------------------------------------    -------------------
    SLICE_X0Y5           FDCE                         0.000     0.000 r  uart_transmitter/bit_count_reg[1]/C
    SLICE_X0Y5           FDCE (Prop_fdce_C_Q)         0.141     0.141 r  uart_transmitter/bit_count_reg[1]/Q
                         net (fo=5, routed)           0.206     0.347    uart_transmitter/bit_count_reg_n_0_[1]
    SLICE_X0Y5           LUT6 (Prop_lut6_I3_O)        0.045     0.392 r  uart_transmitter/bit_count[2]_i_1/O
                         net (fo=1, routed)           0.000     0.392    uart_transmitter/bit_count[2]_i_1_n_0
    SLICE_X0Y5           FDCE                                         r  uart_transmitter/bit_count_reg[2]/D
  -------------------------------------------------------------------    -------------------

Slack:                    inf
  Source:                 baud_gen/baud_tick_reg/C
                            (rising edge-triggered cell FDCE)
  Destination:            uart_transmitter/o_tx_reg/CE
  Path Group:             (none)
  Path Type:              Min at Fast Process Corner
  Data Path Delay:        0.403ns  (logic 0.141ns (34.968%)  route 0.262ns (65.032%))
  Logic Levels:           1  (FDCE=1)

    Location             Delay type                Incr(ns)  Path(ns)    Netlist Resource(s)
  -------------------------------------------------------------------    -------------------
    SLICE_X3Y5           FDCE                         0.000     0.000 r  baud_gen/baud_tick_reg/C
    SLICE_X3Y5           FDCE (Prop_fdce_C_Q)         0.141     0.141 r  baud_gen/baud_tick_reg/Q
                         net (fo=10, routed)          0.262     0.403    uart_transmitter/baud_tick
    SLICE_X0Y6           FDPE                                         r  uart_transmitter/o_tx_reg/CE
  -------------------------------------------------------------------    -------------------

Slack:                    inf
  Source:                 baud_gen/baud_tick_reg/C
                            (rising edge-triggered cell FDCE)
  Destination:            uart_transmitter/FSM_sequential_state_reg[0]/D
  Path Group:             (none)
  Path Type:              Min at Fast Process Corner
  Data Path Delay:        0.426ns  (logic 0.186ns (43.657%)  route 0.240ns (56.343%))
  Logic Levels:           2  (FDCE=1 LUT6=1)

    Location             Delay type                Incr(ns)  Path(ns)    Netlist Resource(s)
  -------------------------------------------------------------------    -------------------
    SLICE_X3Y5           FDCE                         0.000     0.000 r  baud_gen/baud_tick_reg/C
    SLICE_X3Y5           FDCE (Prop_fdce_C_Q)         0.141     0.141 r  baud_gen/baud_tick_reg/Q
                         net (fo=10, routed)          0.240     0.381    uart_transmitter/baud_tick
    SLICE_X1Y6           LUT6 (Prop_lut6_I4_O)        0.045     0.426 r  uart_transmitter/FSM_sequential_state[0]_i_1/O
                         net (fo=1, routed)           0.000     0.426    uart_transmitter/FSM_sequential_state[0]_i_1_n_0
    SLICE_X1Y6           FDCE                                         r  uart_transmitter/FSM_sequential_state_reg[0]/D
  -------------------------------------------------------------------    -------------------





